[INFO] Scanning for projects...
[INFO] 
[INFO] -----------------------< com.kanggara:budgetin >------------------------
[INFO] Building BudgetIn 0.0.1
[INFO]   from pom.xml
[INFO] --------------------------------[ war ]---------------------------------
[INFO] 
[INFO] --- clean:3.3.2:clean (default-clean) @ budgetin ---
[INFO] Deleting /Users/k/work/IDScript/spring/target
[INFO] 
[INFO] >>> spring-boot:3.2.1:run (default-cli) > test-compile @ budgetin >>>
[INFO] 
[INFO] --- jacoco:0.8.11:prepare-agent (default) @ budgetin ---
[INFO] argLine set to -javaagent:/Users/k/.m2/repository/org/jacoco/org.jacoco.agent/0.8.11/org.jacoco.agent-0.8.11-runtime.jar=destfile=/Users/k/work/IDScript/spring/target/jacoco.exec
[INFO] 
[INFO] --- resources:3.3.1:resources (default-resources) @ budgetin ---
[INFO] Copying 1 resource from src/main/resources to target/classes
[INFO] Copying 0 resource from src/main/resources to target/classes
[INFO] 
[INFO] --- compiler:3.11.0:compile (default-compile) @ budgetin ---
[INFO] Changes detected - recompiling the module! :source
[INFO] Compiling 17 source files with javac [debug release 17] to target/classes
[INFO] Annotation processing is enabled because one or more processors were found
  on the class path. A future release of javac may disable annotation processing
  unless at least one processor is specified by name (-processor), or a search
  path is specified (--processor-path, --processor-module-path), or annotation
  processing is enabled explicitly (-proc:only, -proc:full).
  Use -Xlint:-options to suppress this message.
  Use -proc:none to disable annotation processing.
[INFO] 
[INFO] --- resources:3.3.1:testResources (default-testResources) @ budgetin ---
[INFO] skip non existing resourceDirectory /Users/k/work/IDScript/spring/src/test/resources
[INFO] 
[INFO] --- compiler:3.11.0:testCompile (default-testCompile) @ budgetin ---
[INFO] Changes detected - recompiling the module! :dependency
[INFO] Compiling 4 source files with javac [debug release 17] to target/test-classes
[INFO] Annotation processing is enabled because one or more processors were found
  on the class path. A future release of javac may disable annotation processing
  unless at least one processor is specified by name (-processor), or a search
  path is specified (--processor-path, --processor-module-path), or annotation
  processing is enabled explicitly (-proc:only, -proc:full).
  Use -Xlint:-options to suppress this message.
  Use -proc:none to disable annotation processing.
[INFO] 
[INFO] <<< spring-boot:3.2.1:run (default-cli) < test-compile @ budgetin <<<
[INFO] 
[INFO] 
[INFO] --- spring-boot:3.2.1:run (default-cli) @ budgetin ---
[INFO] Attaching agents: []
[INFO] ------------------------------------------------------------------------
[INFO] BUILD SUCCESS
[INFO] ------------------------------------------------------------------------
[INFO] Total time:  30.321 s
[INFO] Finished at: 2024-01-17T06:03:23+07:00
[INFO] ------------------------------------------------------------------------
